2025-04-20 09:36:02 +0000  Initial pipeline context: <IDEDistributionProcessingPipelineContext: 0x333fff2d0; archive(resolved)="<IDEArchive: 0x600008706d80>", distributionTask(resolved)="2", distributionDestination(resolved)="1", distributionMethod(resolved)="<IDEDistributionMethodDevelopmentSigned: 0x600006d8aef0>", team(resolved)="<IDEProvisioningDisambiguatableBasicTeam: 0x6000077ed480; teamID='BX6YDHXBD6', teamName='Shameed Sait', teamType='Individual', username='shameed.ali@cntxt.tech', isFreeProvisioningTeam='0'>">
	Chain (15, self inclusive):
	<IDEDistributionProcessingPipelineContext: 0x333fff2d0; archive = "<IDEArchive: 0x600008706d80>", distributionMethod="<IDEDistributionMethodDevelopmentSigned: 0x600006d8aef0>", team="<IDEProvisioningDisambiguatableBasicTeam: 0x6000077ed480; teamID='BX6YDHXBD6', teamName='Shameed Sait', teamType='Individual', username='shameed.ali@cntxt.tech', isFreeProvisioningTeam='0'>">
	<IDEDistributionProcessingPipelineContext: 0x333f23a40; archive = "<IDEArchive: 0x600008706d80>", distributionMethod="<IDEDistributionMethodDevelopmentSigned: 0x600006d8aef0>", team="<IDEProvisioningDisambiguatableBasicTeam: 0x6000077ed480; teamID='BX6YDHXBD6', teamName='Shameed Sait', teamType='Individual', username='shameed.ali@cntxt.tech', isFreeProvisioningTeam='0'>">
	<IDEDistributionContext: 0x334e5c550; archive = "<IDEArchive: 0x600008706d80>", distributionMethod="<IDEDistributionMethodDevelopmentSigned: 0x600006d8aef0>", team="<IDEProvisioningDisambiguatableBasicTeam: 0x6000077ed480; teamID='BX6YDHXBD6', teamName='Shameed Sait', teamType='Individual', username='shameed.ali@cntxt.tech', isFreeProvisioningTeam='0'>">
	<IDEDistributionContext: 0x126a6ecb0; archive = "<IDEArchive: 0x600008706d80>", distributionMethod="<IDEDistributionMethodDevelopmentSigned: 0x600006d8aef0>", team="<IDEProvisioningDisambiguatableBasicTeam: 0x6000077ed480; teamID='BX6YDHXBD6', teamName='Shameed Sait', teamType='Individual', username='shameed.ali@cntxt.tech', isFreeProvisioningTeam='0'>">
	<IDEDistributionContext: 0x3348ce4f0; archive = "<IDEArchive: 0x600008706d80>", distributionMethod="<IDEDistributionMethodDevelopmentSigned: 0x600006d8aef0>", team="<IDEProvisioningDisambiguatableBasicTeam: 0x6000077ed480; teamID='BX6YDHXBD6', teamName='Shameed Sait', teamType='Individual', username='shameed.ali@cntxt.tech', isFreeProvisioningTeam='0'>">
	<IDEDistributionContext: 0x334e4ce30; archive = "<IDEArchive: 0x600008706d80>", distributionMethod="<IDEDistributionMethodDevelopmentSigned: 0x600006d8aef0>", team="<IDEProvisioningDisambiguatableBasicTeam: 0x6000077ed480; teamID='BX6YDHXBD6', teamName='Shameed Sait', teamType='Individual', username='shameed.ali@cntxt.tech', isFreeProvisioningTeam='0'>">
	<IDEDistributionContext: 0x334b93240; archive = "<IDEArchive: 0x600008706d80>", distributionMethod="<IDEDistributionMethodDevelopmentSigned: 0x600006d8aef0>", team="<IDEProvisioningDisambiguatableBasicTeam: 0x6000077ed480; teamID='BX6YDHXBD6', teamName='Shameed Sait', teamType='Individual', username='shameed.ali@cntxt.tech', isFreeProvisioningTeam='0'>">
	<IDEDistributionContext: 0x334b96f20; archive = "<IDEArchive: 0x600008706d80>", distributionMethod="<IDEDistributionMethodDevelopmentSigned: 0x600006d8aef0>", team="<IDEProvisioningDisambiguatableBasicTeam: 0x6000077ed480; teamID='BX6YDHXBD6', teamName='Shameed Sait', teamType='Individual', username='shameed.ali@cntxt.tech', isFreeProvisioningTeam='0'>">
	<IDEDistributionContext: 0x334b8bf40; archive = "<IDEArchive: 0x600008706d80>", distributionMethod="<IDEDistributionMethodDevelopmentSigned: 0x600006d8aef0>", team="<IDEProvisioningDisambiguatableBasicTeam: 0x6000077ed480; teamID='BX6YDHXBD6', teamName='Shameed Sait', teamType='Individual', username='shameed.ali@cntxt.tech', isFreeProvisioningTeam='0'>">
	<IDEDistributionContext: 0x32e5c7470; archive = "<IDEArchive: 0x600008706d80>", distributionMethod="<IDEDistributionMethodDevelopmentSigned: 0x600006d8aef0>", team="(null)">
	<IDEDistributionContext: 0x156e0df60; archive = "<IDEArchive: 0x600008706d80>", distributionMethod="<IDEDistributionMethodDevelopmentSigned: 0x600006d8aef0>", team="(null)">
	<IDEDistributionContext: 0x3350cdf80; archive = "<IDEArchive: 0x600008706d80>", distributionMethod="<IDEDistributionMethodDevelopmentSigned: 0x600006d8aef0>", team="(null)">
	<IDEDistributionContext: 0x3350153d0; archive = "<IDEArchive: 0x600008706d80>", distributionMethod="<IDEDistributionMethodDevelopmentSigned: 0x600006d8aef0>", team="(null)">
	<IDEDistributionContext: 0x333f9e1c0; archive = "<IDEArchive: 0x600008706d80>", distributionMethod="(null)", team="(null)">
	<IDEDistributionContext: 0x334ea26c0; archive = "<IDEArchive: 0x600008706d80>", distributionMethod="(null)", team="(null)">
</IDEDistributionProcessingPipelineContext: 0x333fff2d0>
2025-04-20 09:36:02 +0000  Processing step: IDEDistributionCreateDestRootStep
2025-04-20 09:36:02 +0000  Processing step: IDEDistributionCopyItemStep
2025-04-20 09:36:02 +0000  Running /usr/bin/ditto '-V' '/Users/waleed/Library/Developer/Xcode/Archives/2025-04-20/Superxpense 20-04-2025, 2.34 PM.xcarchive/Products/Applications/Superxpense.app' '/var/folders/z1/2pp9v_097w358m14l1wtstt80000gn/T/XcodeDistPipeline.~~~PjzZ7U/Root/Payload/Superxpense.app'
2025-04-20 09:36:02 +0000  >>> Copying /Users/waleed/Library/Developer/Xcode/Archives/2025-04-20/Superxpense 20-04-2025, 2.34 PM.xcarchive/Products/Applications/Superxpense.app 
2025-04-20 09:36:02 +0000  copying file ./_CodeSignature/CodeResources ... 
2025-04-20 09:36:02 +0000  16069 bytes for ./_CodeSignature/CodeResources
2025-04-20 09:36:02 +0000  copying file ./Fontisto.ttf ... 
2025-04-20 09:36:02 +0000  313528 bytes for ./Fontisto.ttf
2025-04-20 09:36:02 +0000  copying file ./Octicons.ttf ... 
2025-04-20 09:36:02 +0000  49404 bytes for ./Octicons.ttf
2025-04-20 09:36:02 +0000  copying file ./Feather.ttf ... 
2025-04-20 09:36:02 +0000  56228 bytes for ./Feather.ttf
2025-04-20 09:36:02 +0000  copying file ./FontAwesome6_Regular.ttf ... 
2025-04-20 09:36:02 +0000  67976 bytes for ./FontAwesome6_Regular.ttf
2025-04-20 09:36:02 +0000  copying file ./Entypo.ttf ... 
2025-04-20 09:36:02 +0000  66200 bytes for ./Entypo.ttf
2025-04-20 09:36:02 +0000  copying file ./FontAwesome5_Brands.ttf ... 
2025-04-20 09:36:02 +0000  134040 bytes for ./FontAwesome5_Brands.ttf
2025-04-20 09:36:02 +0000  copying file ./MaterialCommunityIcons.ttf ... 
2025-04-20 09:36:02 +0000  1147844 bytes for ./MaterialCommunityIcons.ttf
2025-04-20 09:36:02 +0000  copying file ./glog_privacy.bundle/Info.plist ... 
2025-04-20 09:36:02 +0000  770 bytes for ./glog_privacy.bundle/Info.plist
2025-04-20 09:36:02 +0000  copying file ./AntDesign.ttf ... 
2025-04-20 09:36:02 +0000  70344 bytes for ./AntDesign.ttf
2025-04-20 09:36:02 +0000  copying file ./Superxpense ... 
2025-04-20 09:36:02 +0000  6059904 bytes for ./Superxpense
2025-04-20 09:36:02 +0000  copying file ./Foundation.ttf ... 
56976 bytes for ./Foundation.ttf
copying file ./Ionicons.ttf ... 
2025-04-20 09:36:02 +0000  442604 bytes for ./Ionicons.ttf
2025-04-20 09:36:02 +0000  copying file ./FontAwesome5_Solid.ttf ... 
2025-04-20 09:36:02 +0000  202744 bytes for ./FontAwesome5_Solid.ttf
2025-04-20 09:36:02 +0000  copying file ./FontAwesome5_Regular.ttf ... 
2025-04-20 09:36:02 +0000  33736 bytes for ./FontAwesome5_Regular.ttf
2025-04-20 09:36:02 +0000  copying file ./React-cxxreact_privacy.bundle/PrivacyInfo.xcprivacy ... 
2025-04-20 09:36:02 +0000  552 bytes for ./React-cxxreact_privacy.bundle/PrivacyInfo.xcprivacy
2025-04-20 09:36:02 +0000  copying file ./React-cxxreact_privacy.bundle/Info.plist ... 
2025-04-20 09:36:02 +0000  793 bytes for ./React-cxxreact_privacy.bundle/Info.plist
2025-04-20 09:36:02 +0000  copying file ./FontAwesome.ttf ... 
2025-04-20 09:36:02 +0000  165548 bytes for ./FontAwesome.ttf
2025-04-20 09:36:02 +0000  copying file ./Zocial.ttf ... 
2025-04-20 09:36:02 +0000  25788 bytes for ./Zocial.ttf
2025-04-20 09:36:02 +0000  copying file ./RCT-Folly_privacy.bundle/Info.plist ... 
2025-04-20 09:36:02 +0000  787 bytes for ./RCT-Folly_privacy.bundle/Info.plist
2025-04-20 09:36:02 +0000  copying file ./Assets.car ... 
2025-04-20 09:36:02 +0000  555407 bytes for ./Assets.car
2025-04-20 09:36:02 +0000  copying file ./EvilIcons.ttf ... 
2025-04-20 09:36:02 +0000  13456 bytes for ./EvilIcons.ttf
2025-04-20 09:36:02 +0000  copying file ./main.jsbundle ... 
2025-04-20 09:36:02 +0000  3053396 bytes for ./main.jsbundle
2025-04-20 09:36:02 +0000  copying file ./FontAwesome6_Solid.ttf ... 
2025-04-20 09:36:02 +0000  423676 bytes for ./FontAwesome6_Solid.ttf
2025-04-20 09:36:02 +0000  copying file ./PrivacyInfo.xcprivacy ... 
2025-04-20 09:36:02 +0000  408 bytes for ./PrivacyInfo.xcprivacy
2025-04-20 09:36:02 +0000  copying file ./LaunchScreen.storyboardc/01J-lp-oVM-view-Ze5-6b-2t3.nib ... 
2025-04-20 09:36:02 +0000  2567 bytes for ./LaunchScreen.storyboardc/01J-lp-oVM-view-Ze5-6b-2t3.nib
2025-04-20 09:36:02 +0000  copying file ./LaunchScreen.storyboardc/UIViewController-01J-lp-oVM.nib ... 
2025-04-20 09:36:02 +0000  924 bytes for ./LaunchScreen.storyboardc/UIViewController-01J-lp-oVM.nib
2025-04-20 09:36:02 +0000  copying file ./LaunchScreen.storyboardc/Info.plist ... 
2025-04-20 09:36:02 +0000  258 bytes for ./LaunchScreen.storyboardc/Info.plist
2025-04-20 09:36:02 +0000  copying file ./RNSVGFilters.bundle/RNSVGArithmeticFilter.iphoneos.metallib ... 
2025-04-20 09:36:02 +0000  3993 bytes for ./RNSVGFilters.bundle/RNSVGArithmeticFilter.iphoneos.metallib
2025-04-20 09:36:02 +0000  copying file ./RNSVGFilters.bundle/RNSVGCompositeXor.iphoneos.metallib ... 
2025-04-20 09:36:02 +0000  3509 bytes for ./RNSVGFilters.bundle/RNSVGCompositeXor.iphoneos.metallib
2025-04-20 09:36:02 +0000  copying file ./RNSVGFilters.bundle/Info.plist ... 
2025-04-20 09:36:02 +0000  772 bytes for ./RNSVGFilters.bundle/Info.plist
2025-04-20 09:36:02 +0000  copying file ./boost_privacy.bundle/Info.plist ... 
2025-04-20 09:36:02 +0000  773 bytes for ./boost_privacy.bundle/Info.plist
2025-04-20 09:36:02 +0000  copying file ./Frameworks/hermes.framework/_CodeSignature/CodeResources ... 
2025-04-20 09:36:02 +0000  1798 bytes for ./Frameworks/hermes.framework/_CodeSignature/CodeResources
2025-04-20 09:36:02 +0000  copying file ./Frameworks/hermes.framework/hermes ... 
2025-04-20 09:36:02 +0000  4673168 bytes for ./Frameworks/hermes.framework/hermes
2025-04-20 09:36:02 +0000  copying file ./Frameworks/hermes.framework/Info.plist ... 
859 bytes for ./Frameworks/hermes.framework/Info.plist
copying file ./SimpleLineIcons.ttf ... 
2025-04-20 09:36:02 +0000  54056 bytes for ./SimpleLineIcons.ttf
2025-04-20 09:36:02 +0000  copying file ./FontAwesome6_Brands.ttf ... 
2025-04-20 09:36:02 +0000  209376 bytes for ./FontAwesome6_Brands.ttf
2025-04-20 09:36:02 +0000  copying file ./embedded.mobileprovision ... 
2025-04-20 09:36:02 +0000  16603 bytes for ./embedded.mobileprovision
2025-04-20 09:36:02 +0000  copying file ./assets/node_modules/@react-navigation/elements/lib/module/assets/back-icon@3x.png ... 
2025-04-20 09:36:02 +0000  761 bytes for ./assets/node_modules/@react-navigation/elements/lib/module/assets/back-icon@3x.png
2025-04-20 09:36:02 +0000  copying file ./assets/node_modules/@react-navigation/elements/lib/module/assets/back-icon@2x.png ... 
2025-04-20 09:36:02 +0000  405 bytes for ./assets/node_modules/@react-navigation/elements/lib/module/assets/back-icon@2x.png
2025-04-20 09:36:02 +0000  copying file ./assets/node_modules/@react-navigation/elements/lib/module/assets/search-icon@2x.png ... 
2025-04-20 09:36:02 +0000  589 bytes for ./assets/node_modules/@react-navigation/elements/lib/module/assets/search-icon@2x.png
2025-04-20 09:36:02 +0000  copying file ./assets/node_modules/@react-navigation/elements/lib/module/assets/clear-icon@3x.png ... 
2025-04-20 09:36:02 +0000  502 bytes for ./assets/node_modules/@react-navigation/elements/lib/module/assets/clear-icon@3x.png
2025-04-20 09:36:02 +0000  copying file ./assets/node_modules/@react-navigation/elements/lib/module/assets/back-icon.png ... 
2025-04-20 09:36:02 +0000  290 bytes for ./assets/node_modules/@react-navigation/elements/lib/module/assets/back-icon.png
2025-04-20 09:36:02 +0000  copying file ./assets/node_modules/@react-navigation/elements/lib/module/assets/clear-icon@2x.png ... 
2025-04-20 09:36:02 +0000  334 bytes for ./assets/node_modules/@react-navigation/elements/lib/module/assets/clear-icon@2x.png
2025-04-20 09:36:02 +0000  copying file ./assets/node_modules/@react-navigation/elements/lib/module/assets/search-icon@3x.png ... 
2025-04-20 09:36:02 +0000  839 bytes for ./assets/node_modules/@react-navigation/elements/lib/module/assets/search-icon@3x.png
2025-04-20 09:36:02 +0000  copying file ./assets/node_modules/@react-navigation/elements/lib/module/assets/close-icon.png ... 
2025-04-20 09:36:02 +0000  141 bytes for ./assets/node_modules/@react-navigation/elements/lib/module/assets/close-icon.png
2025-04-20 09:36:02 +0000  copying file ./assets/node_modules/@react-navigation/elements/lib/module/assets/back-icon-mask.png ... 
2025-04-20 09:36:02 +0000  653 bytes for ./assets/node_modules/@react-navigation/elements/lib/module/assets/back-icon-mask.png
2025-04-20 09:36:02 +0000  copying file ./assets/node_modules/@react-navigation/elements/lib/module/assets/close-icon@2x.png ... 
2025-04-20 09:36:02 +0000  201 bytes for ./assets/node_modules/@react-navigation/elements/lib/module/assets/close-icon@2x.png
2025-04-20 09:36:02 +0000  copying file ./assets/node_modules/@react-navigation/elements/lib/module/assets/close-icon@3x.png ... 
2025-04-20 09:36:02 +0000  266 bytes for ./assets/node_modules/@react-navigation/elements/lib/module/assets/close-icon@3x.png
2025-04-20 09:36:02 +0000  copying file ./assets/node_modules/@react-navigation/elements/lib/module/assets/clear-icon.png ... 
2025-04-20 09:36:02 +0000  220 bytes for ./assets/node_modules/@react-navigation/elements/lib/module/assets/clear-icon.png
2025-04-20 09:36:02 +0000  copying file ./assets/node_modules/@react-navigation/elements/lib/module/assets/search-icon.png ... 
2025-04-20 09:36:02 +0000  317 bytes for ./assets/node_modules/@react-navigation/elements/lib/module/assets/search-icon.png
2025-04-20 09:36:02 +0000  copying file ./assets/src/assets/images/logoO.png ... 
2025-04-20 09:36:02 +0000  21261 bytes for ./assets/src/assets/images/logoO.png
2025-04-20 09:36:02 +0000  copying file ./Info.plist ... 
2025-04-20 09:36:02 +0000  2284 bytes for ./Info.plist
2025-04-20 09:36:02 +0000  copying file ./PkgInfo ... 
2025-04-20 09:36:02 +0000  8 bytes for ./PkgInfo
2025-04-20 09:36:02 +0000  copying file ./MaterialIcons.ttf ... 
2025-04-20 09:36:02 +0000  356840 bytes for ./MaterialIcons.ttf
2025-04-20 09:36:02 +0000  copying file ./React-Core_privacy.bundle/PrivacyInfo.xcprivacy ... 
2025-04-20 09:36:02 +0000  768 bytes for ./React-Core_privacy.bundle/PrivacyInfo.xcprivacy
2025-04-20 09:36:02 +0000  copying file ./React-Core_privacy.bundle/Info.plist ... 
2025-04-20 09:36:02 +0000  785 bytes for ./React-Core_privacy.bundle/Info.plist
2025-04-20 09:36:02 +0000  /usr/bin/ditto exited with 0
2025-04-20 09:36:02 +0000  Processing step: IDEDistributionEmbedProfileStep
2025-04-20 09:36:02 +0000  Skipping profile for item: <IDEDistributionItem: 0x60000cbf1200; bundleID='dev.hermesengine.iphoneos', path='<DVTFilePath:0x60000c4809a0:'/Users/waleed/Library/Developer/Xcode/Archives/2025-04-20/Superxpense 20-04-2025, 2.34 PM.xcarchive/Products/Applications/Superxpense.app/Frameworks/hermes.framework'>', codeSigningInfo='<_DVTCodeSigningInformation_Path: 0x60000cbfa640; isSigned='1', isAdHocSigned='0', signingCertificate='<DVTSigningCertificate: 0x600005aa24c0; name='Apple Development: Shameed Sait (2S6B8ARSCN)', hash='F629C5C0552616AE5E1A1726C2D1B3FD1F1C8F2E', serialNumber='9FB32DE3ECE085B185DB82183AEEA29', certificateKinds='(
    "1.2.840.113635.100.6.1.12",
    "1.2.840.113635.100.6.1.2"
), issueDate='2025-04-19 22:53:35 +0000''>', entitlements='(null)', teamID='BX6YDHXBD6', identifier='dev.hermesengine.iphoneos', executablePath='<DVTFilePath:0x6000085ba8e0:'/Users/waleed/Library/Developer/Xcode/Archives/2025-04-20/Superxpense 20-04-2025, 2.34 PM.xcarchive/Products/Applications/Superxpense.app/Frameworks/hermes.framework/hermes'>', hardenedRuntime='0'>'>
2025-04-20 09:36:02 +0000  Processing step: IDEDistributionInfoPlistStep
2025-04-20 09:36:02 +0000  Skipping step: IDEDistributionInfoPlistStep because it said so
2025-04-20 09:36:02 +0000  Skipping step: IDEDistributionInfoPlistStep because it said so
2025-04-20 09:36:02 +0000  Processing step: IDEDistributionAppThinningPlistStep
2025-04-20 09:36:02 +0000  Skipping step: IDEDistributionAppThinningPlistStep because it said so
2025-04-20 09:36:02 +0000  Processing step: IDEDistributionSymbolsStep
2025-04-20 09:36:02 +0000  Skipping step: IDEDistributionSymbolsStep because it said so
2025-04-20 09:36:02 +0000  Processing step: IDEDistributionAppThinningStep
2025-04-20 09:36:02 +0000  Skipping step: IDEDistributionAppThinningStep because it said so
2025-04-20 09:36:02 +0000  Processing step: IDEDistributionArchThinningStep
2025-04-20 09:36:02 +0000  Item /Users/waleed/Library/Developer/Xcode/Archives/2025-04-20/Superxpense 20-04-2025, 2.34 PM.xcarchive/Products/Applications/Superxpense.app/Frameworks/hermes.framework doesn't have the entitlement com.apple.developer.web-browser-engine.host enabled, returning ["arm64e"]
2025-04-20 09:36:02 +0000  Archs to thin for item /Users/waleed/Library/Developer/Xcode/Archives/2025-04-20/Superxpense 20-04-2025, 2.34 PM.xcarchive/Products/Applications/Superxpense.app/Frameworks/hermes.framework are ["arm64e"]
2025-04-20 09:36:02 +0000  Running /Applications/Xcode.app/Contents/Developer/Toolchains/XcodeDefault.xctoolchain/usr/bin/lipo '/var/folders/z1/2pp9v_097w358m14l1wtstt80000gn/T/XcodeDistPipeline.~~~PjzZ7U/Root/Payload/Superxpense.app/Frameworks/hermes.framework/hermes' '-verify_arch' 'arm64e'
2025-04-20 09:36:02 +0000  /Applications/Xcode.app/Contents/Developer/Toolchains/XcodeDefault.xctoolchain/usr/bin/lipo exited with 1
2025-04-20 09:36:02 +0000  Skipping architecture thinning for item "hermes" because arch "arm64e" wasn't found
2025-04-20 09:36:02 +0000  Item /Users/waleed/Library/Developer/Xcode/Archives/2025-04-20/Superxpense 20-04-2025, 2.34 PM.xcarchive/Products/Applications/Superxpense.app doesn't have the entitlement com.apple.developer.web-browser-engine.host enabled, returning ["arm64e"]
2025-04-20 09:36:02 +0000  Archs to thin for item /Users/waleed/Library/Developer/Xcode/Archives/2025-04-20/Superxpense 20-04-2025, 2.34 PM.xcarchive/Products/Applications/Superxpense.app are ["arm64e"]
2025-04-20 09:36:02 +0000  Running /Applications/Xcode.app/Contents/Developer/Toolchains/XcodeDefault.xctoolchain/usr/bin/lipo '/var/folders/z1/2pp9v_097w358m14l1wtstt80000gn/T/XcodeDistPipeline.~~~PjzZ7U/Root/Payload/Superxpense.app/Superxpense' '-verify_arch' 'arm64e'
2025-04-20 09:36:02 +0000  /Applications/Xcode.app/Contents/Developer/Toolchains/XcodeDefault.xctoolchain/usr/bin/lipo exited with 1
2025-04-20 09:36:02 +0000  Skipping architecture thinning for item "Superxpense" because arch "arm64e" wasn't found
2025-04-20 09:36:02 +0000  Processing step: IDEDistributionODRStep
2025-04-20 09:36:02 +0000  Processing step: IDEDistributionStripXattrsStep
2025-04-20 09:36:02 +0000  Skipping stripping extended attributes because the codesign step will strip them.
2025-04-20 09:36:02 +0000  Skipping stripping extended attributes because the codesign step will strip them.
2025-04-20 09:36:02 +0000  Processing step: IDEDistributionCodesignStep
2025-04-20 09:36:02 +0000  Entitlements for <IDEDistributionItem: 0x60000cbf1200; bundleID='dev.hermesengine.iphoneos', path='<DVTFilePath:0x60000c4809a0:'/Users/waleed/Library/Developer/Xcode/Archives/2025-04-20/Superxpense 20-04-2025, 2.34 PM.xcarchive/Products/Applications/Superxpense.app/Frameworks/hermes.framework'>', codeSigningInfo='<_DVTCodeSigningInformation_Path: 0x60000cbfa640; isSigned='1', isAdHocSigned='0', signingCertificate='<DVTSigningCertificate: 0x600005aa24c0; name='Apple Development: Shameed Sait (2S6B8ARSCN)', hash='F629C5C0552616AE5E1A1726C2D1B3FD1F1C8F2E', serialNumber='9FB32DE3ECE085B185DB82183AEEA29', certificateKinds='(
    "1.2.840.113635.100.6.1.12",
    "1.2.840.113635.100.6.1.2"
), issueDate='2025-04-19 22:53:35 +0000''>', entitlements='(null)', teamID='BX6YDHXBD6', identifier='dev.hermesengine.iphoneos', executablePath='<DVTFilePath:0x6000085ba8e0:'/Users/waleed/Library/Developer/Xcode/Archives/2025-04-20/Superxpense 20-04-2025, 2.34 PM.xcarchive/Products/Applications/Superxpense.app/Frameworks/hermes.framework/hermes'>', hardenedRuntime='0'>'>: {
}
2025-04-20 09:36:02 +0000  Associated App Clip Identifiers Filter: Skipping because "com.apple.developer.associated-appclip-app-identifiers" is not present
2025-04-20 09:36:02 +0000  Entitlements for <IDEDistributionItem: 0x60000cbf1200; bundleID='dev.hermesengine.iphoneos', path='<DVTFilePath:0x60000c4809a0:'/Users/waleed/Library/Developer/Xcode/Archives/2025-04-20/Superxpense 20-04-2025, 2.34 PM.xcarchive/Products/Applications/Superxpense.app/Frameworks/hermes.framework'>', codeSigningInfo='<_DVTCodeSigningInformation_Path: 0x60000cbfa640; isSigned='1', isAdHocSigned='0', signingCertificate='<DVTSigningCertificate: 0x600005aa24c0; name='Apple Development: Shameed Sait (2S6B8ARSCN)', hash='F629C5C0552616AE5E1A1726C2D1B3FD1F1C8F2E', serialNumber='9FB32DE3ECE085B185DB82183AEEA29', certificateKinds='(
    "1.2.840.113635.100.6.1.12",
    "1.2.840.113635.100.6.1.2"
), issueDate='2025-04-19 22:53:35 +0000''>', entitlements='(null)', teamID='BX6YDHXBD6', identifier='dev.hermesengine.iphoneos', executablePath='<DVTFilePath:0x6000085ba8e0:'/Users/waleed/Library/Developer/Xcode/Archives/2025-04-20/Superxpense 20-04-2025, 2.34 PM.xcarchive/Products/Applications/Superxpense.app/Frameworks/hermes.framework/hermes'>', hardenedRuntime='0'>'> are: {
}
2025-04-20 09:36:02 +0000  Writing entitlements for <IDEDistributionItem: 0x60000cbf1200; bundleID='dev.hermesengine.iphoneos', path='<DVTFilePath:0x60000c4809a0:'/Users/waleed/Library/Developer/Xcode/Archives/2025-04-20/Superxpense 20-04-2025, 2.34 PM.xcarchive/Products/Applications/Superxpense.app/Frameworks/hermes.framework'>', codeSigningInfo='<_DVTCodeSigningInformation_Path: 0x60000cbfa640; isSigned='1', isAdHocSigned='0', signingCertificate='<DVTSigningCertificate: 0x600005aa24c0; name='Apple Development: Shameed Sait (2S6B8ARSCN)', hash='F629C5C0552616AE5E1A1726C2D1B3FD1F1C8F2E', serialNumber='9FB32DE3ECE085B185DB82183AEEA29', certificateKinds='(
    "1.2.840.113635.100.6.1.12",
    "1.2.840.113635.100.6.1.2"
), issueDate='2025-04-19 22:53:35 +0000''>', entitlements='(null)', teamID='BX6YDHXBD6', identifier='dev.hermesengine.iphoneos', executablePath='<DVTFilePath:0x6000085ba8e0:'/Users/waleed/Library/Developer/Xcode/Archives/2025-04-20/Superxpense 20-04-2025, 2.34 PM.xcarchive/Products/Applications/Superxpense.app/Frameworks/hermes.framework/hermes'>', hardenedRuntime='0'>'> to: /var/folders/z1/2pp9v_097w358m14l1wtstt80000gn/T/XcodeDistPipeline.~~~PjzZ7U/entitlements~~~l76ryt
2025-04-20 09:36:02 +0000  invoking codesign: <NSConcreteTask: 0x60000c9222b0; launchPath='/usr/bin/codesign', arguments='(
    "-f",
    "-s",
    F629C5C0552616AE5E1A1726C2D1B3FD1F1C8F2E,
    "--entitlements",
    "/var/folders/z1/2pp9v_097w358m14l1wtstt80000gn/T/XcodeDistPipeline.~~~PjzZ7U/entitlements~~~l76ryt",
    "--preserve-metadata=identifier,flags,runtime",
    "--generate-entitlement-der",
    "--strip-disallowed-xattrs",
    "-vvv",
    "/var/folders/z1/2pp9v_097w358m14l1wtstt80000gn/T/XcodeDistPipeline.~~~PjzZ7U/Root/Payload/Superxpense.app/Frameworks/hermes.framework"
)'>
2025-04-20 09:36:07 +0000  codesign output: /var/folders/z1/2pp9v_097w358m14l1wtstt80000gn/T/XcodeDistPipeline.~~~PjzZ7U/Root/Payload/Superxpense.app/Frameworks/hermes.framework: replacing existing signature
/var/folders/z1/2pp9v_097w358m14l1wtstt80000gn/T/XcodeDistPipeline.~~~PjzZ7U/Root/Payload/Superxpense.app/Frameworks/hermes.framework: signed bundle with Mach-O thin (arm64) [dev.hermesengine.iphoneos]
2025-04-20 09:36:07 +0000  Entitlements for <IDEDistributionItem: 0x60000cbf1380; bundleID='com.cntxt.superxpense', path='<DVTFilePath:0x600008527a20:'/Users/waleed/Library/Developer/Xcode/Archives/2025-04-20/Superxpense 20-04-2025, 2.34 PM.xcarchive/Products/Applications/Superxpense.app'>', codeSigningInfo='<_DVTCodeSigningInformation_Path: 0x60000cbf1320; isSigned='1', isAdHocSigned='0', signingCertificate='<DVTSigningCertificate: 0x600005aa5c80; name='Apple Development: Shameed Sait (2S6B8ARSCN)', hash='F629C5C0552616AE5E1A1726C2D1B3FD1F1C8F2E', serialNumber='9FB32DE3ECE085B185DB82183AEEA29', certificateKinds='(
    "1.2.840.113635.100.6.1.12",
    "1.2.840.113635.100.6.1.2"
), issueDate='2025-04-19 22:53:35 +0000''>', entitlements='{
    "application-identifier" = "BX6YDHXBD6.com.cntxt.superxpense";
    "com.apple.developer.team-identifier" = BX6YDHXBD6;
    "get-task-allow" = 1;
}', teamID='BX6YDHXBD6', identifier='com.cntxt.superxpense', executablePath='<DVTFilePath:0x600008578c60:'/Users/waleed/Library/Developer/Xcode/Archives/2025-04-20/Superxpense 20-04-2025, 2.34 PM.xcarchive/Products/Applications/Superxpense.app/Superxpense'>', hardenedRuntime='0'>'>: {
    "application-identifier" = "BX6YDHXBD6.com.cntxt.superxpense";
    "com.apple.developer.team-identifier" = BX6YDHXBD6;
    "get-task-allow" = 1;
}
2025-04-20 09:36:07 +0000  Associated App Clip Identifiers Filter: Skipping because "com.apple.developer.associated-appclip-app-identifiers" is not present
2025-04-20 09:36:07 +0000  Entitlements for <IDEDistributionItem: 0x60000cbf1380; bundleID='com.cntxt.superxpense', path='<DVTFilePath:0x600008527a20:'/Users/waleed/Library/Developer/Xcode/Archives/2025-04-20/Superxpense 20-04-2025, 2.34 PM.xcarchive/Products/Applications/Superxpense.app'>', codeSigningInfo='<_DVTCodeSigningInformation_Path: 0x60000cbf1320; isSigned='1', isAdHocSigned='0', signingCertificate='<DVTSigningCertificate: 0x600005a86040; name='Apple Development: Shameed Sait (2S6B8ARSCN)', hash='F629C5C0552616AE5E1A1726C2D1B3FD1F1C8F2E', serialNumber='9FB32DE3ECE085B185DB82183AEEA29', certificateKinds='(
    "1.2.840.113635.100.6.1.12",
    "1.2.840.113635.100.6.1.2"
), issueDate='2025-04-19 22:53:35 +0000''>', entitlements='{
    "application-identifier" = "BX6YDHXBD6.com.cntxt.superxpense";
    "com.apple.developer.team-identifier" = BX6YDHXBD6;
    "get-task-allow" = 1;
}', teamID='BX6YDHXBD6', identifier='com.cntxt.superxpense', executablePath='<DVTFilePath:0x600008578c60:'/Users/waleed/Library/Developer/Xcode/Archives/2025-04-20/Superxpense 20-04-2025, 2.34 PM.xcarchive/Products/Applications/Superxpense.app/Superxpense'>', hardenedRuntime='0'>'> are: {
    "application-identifier" = "BX6YDHXBD6.com.cntxt.superxpense";
    "com.apple.developer.team-identifier" = BX6YDHXBD6;
    "get-task-allow" = 1;
}
2025-04-20 09:36:07 +0000  Writing entitlements for <IDEDistributionItem: 0x60000cbf1380; bundleID='com.cntxt.superxpense', path='<DVTFilePath:0x600008527a20:'/Users/waleed/Library/Developer/Xcode/Archives/2025-04-20/Superxpense 20-04-2025, 2.34 PM.xcarchive/Products/Applications/Superxpense.app'>', codeSigningInfo='<_DVTCodeSigningInformation_Path: 0x60000cbf1320; isSigned='1', isAdHocSigned='0', signingCertificate='<DVTSigningCertificate: 0x600005aa24c0; name='Apple Development: Shameed Sait (2S6B8ARSCN)', hash='F629C5C0552616AE5E1A1726C2D1B3FD1F1C8F2E', serialNumber='9FB32DE3ECE085B185DB82183AEEA29', certificateKinds='(
    "1.2.840.113635.100.6.1.12",
    "1.2.840.113635.100.6.1.2"
), issueDate='2025-04-19 22:53:35 +0000''>', entitlements='{
    "application-identifier" = "BX6YDHXBD6.com.cntxt.superxpense";
    "com.apple.developer.team-identifier" = BX6YDHXBD6;
    "get-task-allow" = 1;
}', teamID='BX6YDHXBD6', identifier='com.cntxt.superxpense', executablePath='<DVTFilePath:0x600008578c60:'/Users/waleed/Library/Developer/Xcode/Archives/2025-04-20/Superxpense 20-04-2025, 2.34 PM.xcarchive/Products/Applications/Superxpense.app/Superxpense'>', hardenedRuntime='0'>'> to: /var/folders/z1/2pp9v_097w358m14l1wtstt80000gn/T/XcodeDistPipeline.~~~PjzZ7U/entitlements~~~NOFKs8
2025-04-20 09:36:07 +0000  invoking codesign: <NSConcreteTask: 0x60000ce6ac60; launchPath='/usr/bin/codesign', arguments='(
    "-f",
    "-s",
    F629C5C0552616AE5E1A1726C2D1B3FD1F1C8F2E,
    "--entitlements",
    "/var/folders/z1/2pp9v_097w358m14l1wtstt80000gn/T/XcodeDistPipeline.~~~PjzZ7U/entitlements~~~NOFKs8",
    "--preserve-metadata=identifier,flags,runtime",
    "--generate-entitlement-der",
    "--strip-disallowed-xattrs",
    "-vvv",
    "/var/folders/z1/2pp9v_097w358m14l1wtstt80000gn/T/XcodeDistPipeline.~~~PjzZ7U/Root/Payload/Superxpense.app"
)'>
2025-04-20 09:36:10 +0000  codesign output: /var/folders/z1/2pp9v_097w358m14l1wtstt80000gn/T/XcodeDistPipeline.~~~PjzZ7U/Root/Payload/Superxpense.app: replacing existing signature
/var/folders/z1/2pp9v_097w358m14l1wtstt80000gn/T/XcodeDistPipeline.~~~PjzZ7U/Root/Payload/Superxpense.app: signed app bundle with Mach-O thin (arm64) [com.cntxt.superxpense]
2025-04-20 09:36:10 +0000  Processing step: IDEDistributionZipODRItemStep
2025-04-20 09:36:10 +0000  Skipping step: IDEDistributionZipODRItemStep because it said so
2025-04-20 09:36:10 +0000  Skipping step: IDEDistributionZipODRItemStep because it said so
2025-04-20 09:36:10 +0000  Processing step: IDEDistributionCreateIPAStep
2025-04-20 09:36:10 +0000  Running /usr/bin/ditto '-V' '-c' '-k' '--norsrc' '/var/folders/z1/2pp9v_097w358m14l1wtstt80000gn/T/XcodeDistPipeline.~~~PjzZ7U/Root' '/var/folders/z1/2pp9v_097w358m14l1wtstt80000gn/T/XcodeDistPipeline.~~~PjzZ7U/Packages/Superxpense.ipa'
2025-04-20 09:36:10 +0000  >>> Copying /var/folders/z1/2pp9v_097w358m14l1wtstt80000gn/T/XcodeDistPipeline.~~~PjzZ7U/Root 
2025-04-20 09:36:10 +0000  copying file ./Payload/Superxpense.app/_CodeSignature/CodeResources ... 
2025-04-20 09:36:10 +0000  16069 bytes for ./Payload/Superxpense.app/_CodeSignature/CodeResources
2025-04-20 09:36:10 +0000  copying file ./Payload/Superxpense.app/Fontisto.ttf ... 
2025-04-20 09:36:10 +0000  313528 bytes for ./Payload/Superxpense.app/Fontisto.ttf
2025-04-20 09:36:10 +0000  copying file ./Payload/Superxpense.app/Octicons.ttf ... 
2025-04-20 09:36:10 +0000  49404 bytes for ./Payload/Superxpense.app/Octicons.ttf
2025-04-20 09:36:10 +0000  copying file ./Payload/Superxpense.app/Feather.ttf ... 
2025-04-20 09:36:10 +0000  56228 bytes for ./Payload/Superxpense.app/Feather.ttf
2025-04-20 09:36:10 +0000  copying file ./Payload/Superxpense.app/FontAwesome6_Regular.ttf ... 
2025-04-20 09:36:10 +0000  67976 bytes for ./Payload/Superxpense.app/FontAwesome6_Regular.ttf
2025-04-20 09:36:10 +0000  copying file ./Payload/Superxpense.app/Entypo.ttf ... 
2025-04-20 09:36:10 +0000  66200 bytes for ./Payload/Superxpense.app/Entypo.ttf
2025-04-20 09:36:10 +0000  copying file ./Payload/Superxpense.app/FontAwesome5_Brands.ttf ... 
2025-04-20 09:36:10 +0000  134040 bytes for ./Payload/Superxpense.app/FontAwesome5_Brands.ttf
2025-04-20 09:36:10 +0000  copying file ./Payload/Superxpense.app/MaterialCommunityIcons.ttf ... 
2025-04-20 09:36:10 +0000  1147844 bytes for ./Payload/Superxpense.app/MaterialCommunityIcons.ttf
2025-04-20 09:36:10 +0000  copying file ./Payload/Superxpense.app/glog_privacy.bundle/Info.plist ... 
2025-04-20 09:36:10 +0000  770 bytes for ./Payload/Superxpense.app/glog_privacy.bundle/Info.plist
2025-04-20 09:36:10 +0000  copying file ./Payload/Superxpense.app/AntDesign.ttf ... 
2025-04-20 09:36:10 +0000  70344 bytes for ./Payload/Superxpense.app/AntDesign.ttf
2025-04-20 09:36:10 +0000  copying file ./Payload/Superxpense.app/Superxpense ... 
2025-04-20 09:36:11 +0000  6059904 bytes for ./Payload/Superxpense.app/Superxpense
2025-04-20 09:36:11 +0000  copying file ./Payload/Superxpense.app/Foundation.ttf ... 
2025-04-20 09:36:11 +0000  56976 bytes for ./Payload/Superxpense.app/Foundation.ttf
2025-04-20 09:36:11 +0000  copying file ./Payload/Superxpense.app/Ionicons.ttf ... 
2025-04-20 09:36:11 +0000  442604 bytes for ./Payload/Superxpense.app/Ionicons.ttf
2025-04-20 09:36:11 +0000  copying file ./Payload/Superxpense.app/FontAwesome5_Solid.ttf ... 
2025-04-20 09:36:11 +0000  202744 bytes for ./Payload/Superxpense.app/FontAwesome5_Solid.ttf
2025-04-20 09:36:11 +0000  copying file ./Payload/Superxpense.app/FontAwesome5_Regular.ttf ... 
2025-04-20 09:36:11 +0000  33736 bytes for ./Payload/Superxpense.app/FontAwesome5_Regular.ttf
2025-04-20 09:36:11 +0000  copying file ./Payload/Superxpense.app/React-cxxreact_privacy.bundle/PrivacyInfo.xcprivacy ... 
2025-04-20 09:36:11 +0000  552 bytes for ./Payload/Superxpense.app/React-cxxreact_privacy.bundle/PrivacyInfo.xcprivacy
2025-04-20 09:36:11 +0000  copying file ./Payload/Superxpense.app/React-cxxreact_privacy.bundle/Info.plist ... 
2025-04-20 09:36:11 +0000  793 bytes for ./Payload/Superxpense.app/React-cxxreact_privacy.bundle/Info.plist
2025-04-20 09:36:11 +0000  copying file ./Payload/Superxpense.app/FontAwesome.ttf ... 
2025-04-20 09:36:11 +0000  165548 bytes for ./Payload/Superxpense.app/FontAwesome.ttf
2025-04-20 09:36:11 +0000  copying file ./Payload/Superxpense.app/Zocial.ttf ... 
2025-04-20 09:36:11 +0000  25788 bytes for ./Payload/Superxpense.app/Zocial.ttf
2025-04-20 09:36:11 +0000  copying file ./Payload/Superxpense.app/RCT-Folly_privacy.bundle/Info.plist ... 
2025-04-20 09:36:11 +0000  787 bytes for ./Payload/Superxpense.app/RCT-Folly_privacy.bundle/Info.plist
2025-04-20 09:36:11 +0000  copying file ./Payload/Superxpense.app/Assets.car ... 
2025-04-20 09:36:11 +0000  555407 bytes for ./Payload/Superxpense.app/Assets.car
2025-04-20 09:36:11 +0000  copying file ./Payload/Superxpense.app/EvilIcons.ttf ... 
2025-04-20 09:36:11 +0000  13456 bytes for ./Payload/Superxpense.app/EvilIcons.ttf
2025-04-20 09:36:11 +0000  copying file ./Payload/Superxpense.app/main.jsbundle ... 
2025-04-20 09:36:11 +0000  3053396 bytes for ./Payload/Superxpense.app/main.jsbundle
2025-04-20 09:36:11 +0000  copying file ./Payload/Superxpense.app/FontAwesome6_Solid.ttf ... 
2025-04-20 09:36:11 +0000  423676 bytes for ./Payload/Superxpense.app/FontAwesome6_Solid.ttf
2025-04-20 09:36:11 +0000  copying file ./Payload/Superxpense.app/PrivacyInfo.xcprivacy ... 
2025-04-20 09:36:11 +0000  408 bytes for ./Payload/Superxpense.app/PrivacyInfo.xcprivacy
2025-04-20 09:36:11 +0000  copying file ./Payload/Superxpense.app/LaunchScreen.storyboardc/01J-lp-oVM-view-Ze5-6b-2t3.nib ... 
2025-04-20 09:36:11 +0000  2567 bytes for ./Payload/Superxpense.app/LaunchScreen.storyboardc/01J-lp-oVM-view-Ze5-6b-2t3.nib
2025-04-20 09:36:11 +0000  copying file ./Payload/Superxpense.app/LaunchScreen.storyboardc/UIViewController-01J-lp-oVM.nib ... 
2025-04-20 09:36:11 +0000  924 bytes for ./Payload/Superxpense.app/LaunchScreen.storyboardc/UIViewController-01J-lp-oVM.nib
2025-04-20 09:36:11 +0000  copying file ./Payload/Superxpense.app/LaunchScreen.storyboardc/Info.plist ... 
2025-04-20 09:36:11 +0000  258 bytes for ./Payload/Superxpense.app/LaunchScreen.storyboardc/Info.plist
2025-04-20 09:36:11 +0000  copying file ./Payload/Superxpense.app/RNSVGFilters.bundle/RNSVGArithmeticFilter.iphoneos.metallib ... 
2025-04-20 09:36:11 +0000  3993 bytes for ./Payload/Superxpense.app/RNSVGFilters.bundle/RNSVGArithmeticFilter.iphoneos.metallib
2025-04-20 09:36:11 +0000  copying file ./Payload/Superxpense.app/RNSVGFilters.bundle/RNSVGCompositeXor.iphoneos.metallib ... 
2025-04-20 09:36:11 +0000  3509 bytes for ./Payload/Superxpense.app/RNSVGFilters.bundle/RNSVGCompositeXor.iphoneos.metallib
2025-04-20 09:36:11 +0000  copying file ./Payload/Superxpense.app/RNSVGFilters.bundle/Info.plist ... 
2025-04-20 09:36:11 +0000  772 bytes for ./Payload/Superxpense.app/RNSVGFilters.bundle/Info.plist
2025-04-20 09:36:11 +0000  copying file ./Payload/Superxpense.app/boost_privacy.bundle/Info.plist ... 
2025-04-20 09:36:11 +0000  773 bytes for ./Payload/Superxpense.app/boost_privacy.bundle/Info.plist
2025-04-20 09:36:11 +0000  copying file ./Payload/Superxpense.app/Frameworks/hermes.framework/_CodeSignature/CodeResources ... 
2025-04-20 09:36:11 +0000  1798 bytes for ./Payload/Superxpense.app/Frameworks/hermes.framework/_CodeSignature/CodeResources
2025-04-20 09:36:11 +0000  copying file ./Payload/Superxpense.app/Frameworks/hermes.framework/hermes ... 
2025-04-20 09:36:11 +0000  4673168 bytes for ./Payload/Superxpense.app/Frameworks/hermes.framework/hermes
2025-04-20 09:36:11 +0000  copying file ./Payload/Superxpense.app/Frameworks/hermes.framework/Info.plist ... 
2025-04-20 09:36:11 +0000  859 bytes for ./Payload/Superxpense.app/Frameworks/hermes.framework/Info.plist
2025-04-20 09:36:11 +0000  copying file ./Payload/Superxpense.app/SimpleLineIcons.ttf ... 
2025-04-20 09:36:11 +0000  54056 bytes for ./Payload/Superxpense.app/SimpleLineIcons.ttf
2025-04-20 09:36:11 +0000  copying file ./Payload/Superxpense.app/FontAwesome6_Brands.ttf ... 
2025-04-20 09:36:11 +0000  209376 bytes for ./Payload/Superxpense.app/FontAwesome6_Brands.ttf
2025-04-20 09:36:11 +0000  copying file ./Payload/Superxpense.app/embedded.mobileprovision ... 
2025-04-20 09:36:11 +0000  18744 bytes for ./Payload/Superxpense.app/embedded.mobileprovision
2025-04-20 09:36:11 +0000  copying file ./Payload/Superxpense.app/assets/node_modules/@react-navigation/elements/lib/module/assets/back-icon@3x.png ... 
2025-04-20 09:36:11 +0000  761 bytes for ./Payload/Superxpense.app/assets/node_modules/@react-navigation/elements/lib/module/assets/back-icon@3x.png
2025-04-20 09:36:11 +0000  copying file ./Payload/Superxpense.app/assets/node_modules/@react-navigation/elements/lib/module/assets/back-icon@2x.png ... 
2025-04-20 09:36:11 +0000  405 bytes for ./Payload/Superxpense.app/assets/node_modules/@react-navigation/elements/lib/module/assets/back-icon@2x.png
2025-04-20 09:36:11 +0000  copying file ./Payload/Superxpense.app/assets/node_modules/@react-navigation/elements/lib/module/assets/search-icon@2x.png ... 
2025-04-20 09:36:11 +0000  589 bytes for ./Payload/Superxpense.app/assets/node_modules/@react-navigation/elements/lib/module/assets/search-icon@2x.png
2025-04-20 09:36:11 +0000  copying file ./Payload/Superxpense.app/assets/node_modules/@react-navigation/elements/lib/module/assets/clear-icon@3x.png ... 
2025-04-20 09:36:11 +0000  502 bytes for ./Payload/Superxpense.app/assets/node_modules/@react-navigation/elements/lib/module/assets/clear-icon@3x.png
2025-04-20 09:36:11 +0000  copying file ./Payload/Superxpense.app/assets/node_modules/@react-navigation/elements/lib/module/assets/back-icon.png ... 
2025-04-20 09:36:11 +0000  290 bytes for ./Payload/Superxpense.app/assets/node_modules/@react-navigation/elements/lib/module/assets/back-icon.png
2025-04-20 09:36:11 +0000  copying file ./Payload/Superxpense.app/assets/node_modules/@react-navigation/elements/lib/module/assets/clear-icon@2x.png ... 
2025-04-20 09:36:11 +0000  334 bytes for ./Payload/Superxpense.app/assets/node_modules/@react-navigation/elements/lib/module/assets/clear-icon@2x.png
2025-04-20 09:36:11 +0000  copying file ./Payload/Superxpense.app/assets/node_modules/@react-navigation/elements/lib/module/assets/search-icon@3x.png ... 
2025-04-20 09:36:11 +0000  839 bytes for ./Payload/Superxpense.app/assets/node_modules/@react-navigation/elements/lib/module/assets/search-icon@3x.png
2025-04-20 09:36:11 +0000  copying file ./Payload/Superxpense.app/assets/node_modules/@react-navigation/elements/lib/module/assets/close-icon.png ... 
2025-04-20 09:36:11 +0000  141 bytes for ./Payload/Superxpense.app/assets/node_modules/@react-navigation/elements/lib/module/assets/close-icon.png
2025-04-20 09:36:11 +0000  copying file ./Payload/Superxpense.app/assets/node_modules/@react-navigation/elements/lib/module/assets/back-icon-mask.png ... 
2025-04-20 09:36:11 +0000  653 bytes for ./Payload/Superxpense.app/assets/node_modules/@react-navigation/elements/lib/module/assets/back-icon-mask.png
2025-04-20 09:36:11 +0000  copying file ./Payload/Superxpense.app/assets/node_modules/@react-navigation/elements/lib/module/assets/close-icon@2x.png ... 
2025-04-20 09:36:11 +0000  201 bytes for ./Payload/Superxpense.app/assets/node_modules/@react-navigation/elements/lib/module/assets/close-icon@2x.png
2025-04-20 09:36:11 +0000  copying file ./Payload/Superxpense.app/assets/node_modules/@react-navigation/elements/lib/module/assets/close-icon@3x.png ... 
2025-04-20 09:36:11 +0000  266 bytes for ./Payload/Superxpense.app/assets/node_modules/@react-navigation/elements/lib/module/assets/close-icon@3x.png
2025-04-20 09:36:11 +0000  copying file ./Payload/Superxpense.app/assets/node_modules/@react-navigation/elements/lib/module/assets/clear-icon.png ... 
2025-04-20 09:36:11 +0000  220 bytes for ./Payload/Superxpense.app/assets/node_modules/@react-navigation/elements/lib/module/assets/clear-icon.png
2025-04-20 09:36:11 +0000  copying file ./Payload/Superxpense.app/assets/node_modules/@react-navigation/elements/lib/module/assets/search-icon.png ... 
2025-04-20 09:36:11 +0000  317 bytes for ./Payload/Superxpense.app/assets/node_modules/@react-navigation/elements/lib/module/assets/search-icon.png
2025-04-20 09:36:11 +0000  copying file ./Payload/Superxpense.app/assets/src/assets/images/logoO.png ... 
2025-04-20 09:36:11 +0000  21261 bytes for ./Payload/Superxpense.app/assets/src/assets/images/logoO.png
2025-04-20 09:36:11 +0000  copying file ./Payload/Superxpense.app/Info.plist ... 
2025-04-20 09:36:11 +0000  2284 bytes for ./Payload/Superxpense.app/Info.plist
2025-04-20 09:36:11 +0000  copying file ./Payload/Superxpense.app/PkgInfo ... 
2025-04-20 09:36:11 +0000  8 bytes for ./Payload/Superxpense.app/PkgInfo
2025-04-20 09:36:11 +0000  copying file ./Payload/Superxpense.app/MaterialIcons.ttf ... 
2025-04-20 09:36:11 +0000  356840 bytes for ./Payload/Superxpense.app/MaterialIcons.ttf
2025-04-20 09:36:11 +0000  copying file ./Payload/Superxpense.app/React-Core_privacy.bundle/PrivacyInfo.xcprivacy ... 
2025-04-20 09:36:11 +0000  768 bytes for ./Payload/Superxpense.app/React-Core_privacy.bundle/PrivacyInfo.xcprivacy
2025-04-20 09:36:11 +0000  copying file ./Payload/Superxpense.app/React-Core_privacy.bundle/Info.plist ... 
2025-04-20 09:36:11 +0000  785 bytes for ./Payload/Superxpense.app/React-Core_privacy.bundle/Info.plist
2025-04-20 09:36:11 +0000  /usr/bin/ditto exited with 0
2025-04-20 09:36:11 +0000  Processing step: IDEDistributionAppStoreInformationStep
2025-04-20 09:36:11 +0000  Skipping step: IDEDistributionAppStoreInformationStep because it said so
2025-04-20 09:36:11 +0000  Processing step: IDEDistributionGenerateProcessedDistributionItems
2025-04-20 09:36:11 +0000  IDEDistributionItem init <DVTFilePath:0x60000877fd40:'/var/folders/z1/2pp9v_097w358m14l1wtstt80000gn/T/XcodeDistPipeline.~~~PjzZ7U/Root/Payload/Superxpense.app/Frameworks/hermes.framework'>
2025-04-20 09:36:11 +0000  IDEDistributionItem init <DVTFilePath:0x60000cb8b120:'/var/folders/z1/2pp9v_097w358m14l1wtstt80000gn/T/XcodeDistPipeline.~~~PjzZ7U/Root/Payload/Superxpense.app'>
2025-04-20 09:36:11 +0000  Processing step: IDEDistributionCreateManifestStep
